[debug] [2021-09-10T11:41:27.108Z] ----------------------------------------------------------------------
[debug] [2021-09-10T11:41:27.113Z] Command:       /home/vinay/.nvm/versions/node/v12.0.0/bin/node /home/vinay/.nvm/versions/node/v12.0.0/bin/firebase deploy --only functions:paymentWebhook
[debug] [2021-09-10T11:41:27.114Z] CLI Version:   9.16.0
[debug] [2021-09-10T11:41:27.114Z] Platform:      linux
[debug] [2021-09-10T11:41:27.114Z] Node Version:  v12.0.0
[debug] [2021-09-10T11:41:27.115Z] Time:          Fri Sep 10 2021 17:11:27 GMT+0530 (India Standard Time)
[debug] [2021-09-10T11:41:27.115Z] ----------------------------------------------------------------------
[debug] 
[debug] [2021-09-10T11:41:27.272Z] > command requires scopes: ["email","openid","https://www.googleapis.com/auth/cloudplatformprojects.readonly","https://www.googleapis.com/auth/firebase","https://www.googleapis.com/auth/cloud-platform"]
[debug] [2021-09-10T11:41:27.273Z] > authorizing via signed-in user (vvinu9876@gmail.com)
[debug] [2021-09-10T11:41:27.273Z] [iam] checking project chitstorm-d6bd1 for permissions ["cloudfunctions.functions.create","cloudfunctions.functions.delete","cloudfunctions.functions.get","cloudfunctions.functions.list","cloudfunctions.functions.update","cloudfunctions.operations.get","firebase.projects.get"]
[debug] [2021-09-10T11:41:27.278Z] >>> HTTP REQUEST POST https://cloudresourcemanager.googleapis.com/v1/projects/chitstorm-d6bd1:testIamPermissions  
 {"permissions":["cloudfunctions.functions.create","cloudfunctions.functions.delete","cloudfunctions.functions.get","cloudfunctions.functions.list","cloudfunctions.functions.update","cloudfunctions.operations.get","firebase.projects.get"]}
[debug] [2021-09-10T11:41:28.769Z] <<< HTTP RESPONSE 200 {"content-type":"application/json; charset=UTF-8","vary":"X-Origin, Referer, Origin,Accept-Encoding","date":"Fri, 10 Sep 2021 11:41:28 GMT","server":"ESF","cache-control":"private","x-xss-protection":"0","x-frame-options":"SAMEORIGIN","x-content-type-options":"nosniff","server-timing":"gfet4t7; dur=1310","alt-svc":"h3=\":443\"; ma=2592000,h3-29=\":443\"; ma=2592000,h3-T051=\":443\"; ma=2592000,h3-Q050=\":443\"; ma=2592000,h3-Q046=\":443\"; ma=2592000,h3-Q043=\":443\"; ma=2592000,quic=\":443\"; ma=2592000; v=\"46,43\"","accept-ranges":"none","transfer-encoding":"chunked"}
[debug] [2021-09-10T11:41:28.774Z] >>> HTTP REQUEST POST https://iam.googleapis.com/v1/projects/chitstorm-d6bd1/serviceAccounts/chitstorm-d6bd1@appspot.gserviceaccount.com:testIamPermissions  
 {"permissions":["iam.serviceAccounts.actAs"]}
[debug] [2021-09-10T11:41:30.271Z] <<< HTTP RESPONSE 200 {"content-type":"application/json; charset=UTF-8","vary":"X-Origin, Referer, Origin,Accept-Encoding","date":"Fri, 10 Sep 2021 11:41:30 GMT","server":"ESF","cache-control":"private","x-xss-protection":"0","x-frame-options":"SAMEORIGIN","x-content-type-options":"nosniff","alt-svc":"h3=\":443\"; ma=2592000,h3-29=\":443\"; ma=2592000,h3-T051=\":443\"; ma=2592000,h3-Q050=\":443\"; ma=2592000,h3-Q046=\":443\"; ma=2592000,h3-Q043=\":443\"; ma=2592000,quic=\":443\"; ma=2592000; v=\"46,43\"","accept-ranges":"none","transfer-encoding":"chunked"}
[info] 
[info] === Deploying to 'chitstorm-d6bd1'...
[info] 
[info] i  deploying functions 
[info] Running command: npm --prefix "$RESOURCE_DIR" run lint
[info] ✔  functions: Finished running predeploy script. 
[debug] [2021-09-10T11:41:34.315Z] Validating nodejs source
[warn] ⚠  functions: package.json indicates an outdated version of firebase-functions.
Please upgrade using npm install --save firebase-functions@latest in your functions directory. 
[debug] [2021-09-10T11:41:38.403Z] > [functions] package.json contents: {
  "name": "functions",
  "description": "Cloud Functions for Firebase",
  "scripts": {
    "lint": "eslint .",
    "serve": "firebase emulators:start --only functions",
    "shell": "firebase functions:shell",
    "start": "npm run shell",
    "deploy": "firebase deploy --only functions",
    "logs": "firebase functions:log"
  },
  "engines": {
    "node": "12"
  },
  "main": "index.js",
  "dependencies": {
    "axios": "^0.21.3",
    "cors": "^2.8.5",
    "firebase-admin": "^9.2.0",
    "firebase-functions": "^3.11.0",
    "https": "^1.0.0",
    "stripe": "^8.174.0"
  },
  "devDependencies": {
    "eslint": "^5.12.0",
    "eslint-plugin-promise": "^4.0.1",
    "firebase-functions-test": "^0.2.0"
  },
  "private": true
}
[debug] [2021-09-10T11:41:38.404Z] Building nodejs source
[info] i  functions: ensuring required API cloudfunctions.googleapis.com is enabled... 
[info] i  functions: ensuring required API cloudbuild.googleapis.com is enabled... 
[debug] [2021-09-10T11:41:38.410Z] >>> HTTP REQUEST GET https://serviceusage.googleapis.com/v1/projects/chitstorm-d6bd1/services/cloudfunctions.googleapis.com  
 
[debug] [2021-09-10T11:41:38.413Z] >>> HTTP REQUEST GET https://serviceusage.googleapis.com/v1/projects/chitstorm-d6bd1/services/runtimeconfig.googleapis.com  
 
[debug] [2021-09-10T11:41:38.414Z] >>> HTTP REQUEST GET https://serviceusage.googleapis.com/v1/projects/chitstorm-d6bd1/services/cloudbuild.googleapis.com  
 
[debug] [2021-09-10T11:41:40.268Z] <<< HTTP RESPONSE 200 {"content-type":"application/json; charset=UTF-8","vary":"X-Origin, Referer, Origin,Accept-Encoding","date":"Fri, 10 Sep 2021 11:41:40 GMT","server":"ESF","cache-control":"private","x-xss-protection":"0","x-frame-options":"SAMEORIGIN","x-content-type-options":"nosniff","alt-svc":"h3=\":443\"; ma=2592000,h3-29=\":443\"; ma=2592000,h3-T051=\":443\"; ma=2592000,h3-Q050=\":443\"; ma=2592000,h3-Q046=\":443\"; ma=2592000,h3-Q043=\":443\"; ma=2592000,quic=\":443\"; ma=2592000; v=\"46,43\"","accept-ranges":"none","transfer-encoding":"chunked"}
[debug] [2021-09-10T11:41:40.292Z] <<< HTTP RESPONSE 200 {"content-type":"application/json; charset=UTF-8","vary":"X-Origin, Referer, Origin,Accept-Encoding","date":"Fri, 10 Sep 2021 11:41:40 GMT","server":"ESF","cache-control":"private","x-xss-protection":"0","x-frame-options":"SAMEORIGIN","x-content-type-options":"nosniff","alt-svc":"h3=\":443\"; ma=2592000,h3-29=\":443\"; ma=2592000,h3-T051=\":443\"; ma=2592000,h3-Q050=\":443\"; ma=2592000,h3-Q046=\":443\"; ma=2592000,h3-Q043=\":443\"; ma=2592000,quic=\":443\"; ma=2592000; v=\"46,43\"","accept-ranges":"none","transfer-encoding":"chunked"}
[info] ✔  functions: required API cloudfunctions.googleapis.com is enabled 
[debug] [2021-09-10T11:41:40.299Z] <<< HTTP RESPONSE 200 {"content-type":"application/json; charset=UTF-8","vary":"X-Origin, Referer, Origin,Accept-Encoding","date":"Fri, 10 Sep 2021 11:41:40 GMT","server":"ESF","cache-control":"private","x-xss-protection":"0","x-frame-options":"SAMEORIGIN","x-content-type-options":"nosniff","alt-svc":"h3=\":443\"; ma=2592000,h3-29=\":443\"; ma=2592000,h3-T051=\":443\"; ma=2592000,h3-Q050=\":443\"; ma=2592000,h3-Q046=\":443\"; ma=2592000,h3-Q043=\":443\"; ma=2592000,quic=\":443\"; ma=2592000; v=\"46,43\"","accept-ranges":"none","transfer-encoding":"chunked"}
[info] ✔  functions: required API cloudbuild.googleapis.com is enabled 
[debug] [2021-09-10T11:41:40.301Z] >>> HTTP REQUEST GET https://firebase.googleapis.com/v1beta1/projects/chitstorm-d6bd1/adminSdkConfig  
 
[debug] [2021-09-10T11:41:40.945Z] <<< HTTP RESPONSE 200 {"content-type":"application/json; charset=UTF-8","vary":"X-Origin, Referer, Origin,Accept-Encoding","date":"Fri, 10 Sep 2021 11:41:40 GMT","server":"ESF","cache-control":"private","x-xss-protection":"0","x-frame-options":"SAMEORIGIN","x-content-type-options":"nosniff","alt-svc":"h3=\":443\"; ma=2592000,h3-29=\":443\"; ma=2592000,h3-T051=\":443\"; ma=2592000,h3-Q050=\":443\"; ma=2592000,h3-Q046=\":443\"; ma=2592000,h3-Q043=\":443\"; ma=2592000,quic=\":443\"; ma=2592000; v=\"46,43\"","accept-ranges":"none","transfer-encoding":"chunked"}
[debug] [2021-09-10T11:41:40.951Z] >>> HTTP REQUEST GET https://runtimeconfig.googleapis.com/v1beta1/projects/chitstorm-d6bd1/configs  
 
[debug] [2021-09-10T11:41:41.515Z] <<< HTTP RESPONSE 200 {"content-type":"application/json; charset=UTF-8","vary":"X-Origin, Referer, Origin,Accept-Encoding","date":"Fri, 10 Sep 2021 11:41:41 GMT","server":"ESF","cache-control":"private","x-xss-protection":"0","x-frame-options":"SAMEORIGIN","x-content-type-options":"nosniff","alt-svc":"h3=\":443\"; ma=2592000,h3-29=\":443\"; ma=2592000,h3-T051=\":443\"; ma=2592000,h3-Q050=\":443\"; ma=2592000,h3-Q046=\":443\"; ma=2592000,h3-Q043=\":443\"; ma=2592000,quic=\":443\"; ma=2592000; v=\"46,43\"","accept-ranges":"none","transfer-encoding":"chunked"}
[debug] [2021-09-10T11:41:41.516Z] Analyzing nodejs backend spec
[info] i  functions: preparing functions directory for uploading... 
[info] i  functions: packaged functions (98.06 KB) for uploading 
[info] i  pubsub: ensuring required API pubsub.googleapis.com is enabled... 
[info] i  scheduler: ensuring required API cloudscheduler.googleapis.com is enabled... 
[debug] [2021-09-10T11:41:43.468Z] >>> HTTP REQUEST GET https://serviceusage.googleapis.com/v1/projects/chitstorm-d6bd1/services/pubsub.googleapis.com  
 
[debug] [2021-09-10T11:41:43.470Z] >>> HTTP REQUEST GET https://serviceusage.googleapis.com/v1/projects/chitstorm-d6bd1/services/cloudscheduler.googleapis.com  
 
[debug] [2021-09-10T11:41:43.474Z] >>> HTTP REQUEST GET https://cloudfunctions.googleapis.com/v1/projects/chitstorm-d6bd1/locations/-/functions  
 
[debug] [2021-09-10T11:41:44.273Z] <<< HTTP RESPONSE 200 {"content-type":"application/json; charset=UTF-8","vary":"X-Origin, Referer, Origin,Accept-Encoding","date":"Fri, 10 Sep 2021 11:41:44 GMT","server":"ESF","cache-control":"private","x-xss-protection":"0","x-frame-options":"SAMEORIGIN","x-content-type-options":"nosniff","alt-svc":"h3=\":443\"; ma=2592000,h3-29=\":443\"; ma=2592000,h3-T051=\":443\"; ma=2592000,h3-Q050=\":443\"; ma=2592000,h3-Q046=\":443\"; ma=2592000,h3-Q043=\":443\"; ma=2592000,quic=\":443\"; ma=2592000; v=\"46,43\"","accept-ranges":"none","transfer-encoding":"chunked"}
[debug] [2021-09-10T11:41:44.279Z] >>> HTTP REQUEST POST https://cloudfunctions.googleapis.com/v1/projects/chitstorm-d6bd1/locations/us-central1/functions:generateUploadUrl  
 
[debug] [2021-09-10T11:41:45.129Z] <<< HTTP RESPONSE 200 {"content-type":"application/json; charset=UTF-8","vary":"X-Origin, Referer, Origin,Accept-Encoding","date":"Fri, 10 Sep 2021 11:41:45 GMT","server":"ESF","cache-control":"private","x-xss-protection":"0","x-frame-options":"SAMEORIGIN","x-content-type-options":"nosniff","alt-svc":"h3=\":443\"; ma=2592000,h3-29=\":443\"; ma=2592000,h3-T051=\":443\"; ma=2592000,h3-Q050=\":443\"; ma=2592000,h3-Q046=\":443\"; ma=2592000,h3-Q043=\":443\"; ma=2592000,quic=\":443\"; ma=2592000; v=\"46,43\"","accept-ranges":"none","transfer-encoding":"chunked"}
[debug] [2021-09-10T11:41:45.133Z] >>> HTTP REQUEST PUT https://storage.googleapis.com/gcf-upload-us-central1-3388f79a-75cf-4211-bfe6-d28b9b1eae72/9f0eb9c9-2eb4-4d80-b294-86ee3e284f50.zip?GoogleAccessId=service-886497070978@gcf-admin-robot.iam.gserviceaccount.com&Expires=1631275904&Signature=H9B79fIgBDmerqcYoD1pglKDm1Gw518cUEYOw0K4l8OQ2CoB%2FQgdxgYNgEihezngGcHc4QMJfh4hR%2FCRw5ryxymIVNlIuqt%2F4KG%2BJ6BojQBOH6rfmGIXM3ssfJGlZj7%2B%2F4%2B0NKrgfmECDJHYZBxwxPRx12D7gzW8KbdsFU4%2BKRqTzCsrn78AJ5nj6MEx6J09Ao3LqJYp4U64RMKIIqns54cmZtkcaxb0ycqjQq5yfxl5J6vS75x34A%2F%2Bmk8h0VnLbkkVAxiaxYjF7x3FEOUm5QkOcfm9buyp3f9pQ8BFUAoi4hhdqi3R44HT6f5vFyV15RNuHLQ%2FVpoihlgVREo9kQ%3D%3D  
 <request body omitted>
[debug] [2021-09-10T11:41:45.209Z] <<< HTTP RESPONSE 200 {"content-type":"application/json; charset=UTF-8","vary":"X-Origin, Referer, Origin,Accept-Encoding","date":"Fri, 10 Sep 2021 11:41:45 GMT","server":"ESF","cache-control":"private","x-xss-protection":"0","x-frame-options":"SAMEORIGIN","x-content-type-options":"nosniff","alt-svc":"h3=\":443\"; ma=2592000,h3-29=\":443\"; ma=2592000,h3-T051=\":443\"; ma=2592000,h3-Q050=\":443\"; ma=2592000,h3-Q046=\":443\"; ma=2592000,h3-Q043=\":443\"; ma=2592000,quic=\":443\"; ma=2592000; v=\"46,43\"","accept-ranges":"none","transfer-encoding":"chunked"}
[info] ✔  scheduler: required API cloudscheduler.googleapis.com is enabled 
[debug] [2021-09-10T11:41:45.264Z] <<< HTTP RESPONSE 200 {"content-type":"application/json; charset=UTF-8","vary":"X-Origin, Referer, Origin,Accept-Encoding","date":"Fri, 10 Sep 2021 11:41:45 GMT","server":"ESF","cache-control":"private","x-xss-protection":"0","x-frame-options":"SAMEORIGIN","x-content-type-options":"nosniff","alt-svc":"h3=\":443\"; ma=2592000,h3-29=\":443\"; ma=2592000,h3-T051=\":443\"; ma=2592000,h3-Q050=\":443\"; ma=2592000,h3-Q046=\":443\"; ma=2592000,h3-Q043=\":443\"; ma=2592000,quic=\":443\"; ma=2592000; v=\"46,43\"","accept-ranges":"none","transfer-encoding":"chunked"}
[info] ✔  pubsub: required API pubsub.googleapis.com is enabled 
[debug] [2021-09-10T11:41:46.135Z] <<< HTTP RESPONSE 200 {"x-guploader-uploadid":"ADPycduO5jkaN5NmL6URfmKphPzUxmmE5IkBGp4FBRyW90spzf4P_cgbKLriqZDdE-XScM3rGEMasFxwLd0T48J3mimcgg-Scw","etag":"\"cacf90269995348bddbbbb0e88dc660b\"","x-goog-generation":"1631274106065983","x-goog-metageneration":"1","x-goog-hash":"crc32c=VqN3ig==, md5=ys+QJpmVNIvdu7sOiNxmCw==","x-goog-stored-content-length":"100410","x-goog-stored-content-encoding":"identity","vary":"Origin","content-length":"0","date":"Fri, 10 Sep 2021 11:41:46 GMT","server":"UploadServer","content-type":"text/html; charset=UTF-8","alt-svc":"h3=\":443\"; ma=2592000,h3-29=\":443\"; ma=2592000,h3-T051=\":443\"; ma=2592000,h3-Q050=\":443\"; ma=2592000,h3-Q046=\":443\"; ma=2592000,h3-Q043=\":443\"; ma=2592000,quic=\":443\"; ma=2592000; v=\"46,43\""}
[info] ✔  functions: functions folder uploaded successfully 
[info] i  functions: updating Node.js 12 function paymentWebhook(us-central1)... 
[debug] [2021-09-10T11:41:46.147Z] >>> HTTP REQUEST PATCH https://cloudfunctions.googleapis.com/v1/projects/chitstorm-d6bd1/locations/us-central1/functions/paymentWebhook {"updateMask":"name,sourceUploadUrl,entryPoint,runtime,httpsTrigger.securityLevel,labels,environmentVariables"} 
 {"name":"projects/chitstorm-d6bd1/locations/us-central1/functions/paymentWebhook","sourceUploadUrl":"https://storage.googleapis.com/gcf-upload-us-central1-3388f79a-75cf-4211-bfe6-d28b9b1eae72/9f0eb9c9-2eb4-4d80-b294-86ee3e284f50.zip?GoogleAccessId=service-886497070978@gcf-admin-robot.iam.gserviceaccount.com&Expires=1631275904&Signature=H9B79fIgBDmerqcYoD1pglKDm1Gw518cUEYOw0K4l8OQ2CoB%2FQgdxgYNgEihezngGcHc4QMJfh4hR%2FCRw5ryxymIVNlIuqt%2F4KG%2BJ6BojQBOH6rfmGIXM3ssfJGlZj7%2B%2F4%2B0NKrgfmECDJHYZBxwxPRx12D7gzW8KbdsFU4%2BKRqTzCsrn78AJ5nj6MEx6J09Ao3LqJYp4U64RMKIIqns54cmZtkcaxb0ycqjQq5yfxl5J6vS75x34A%2F%2Bmk8h0VnLbkkVAxiaxYjF7x3FEOUm5QkOcfm9buyp3f9pQ8BFUAoi4hhdqi3R44HT6f5vFyV15RNuHLQ%2FVpoihlgVREo9kQ%3D%3D","entryPoint":"paymentWebhook","runtime":"nodejs12","httpsTrigger":{"securityLevel":"SECURE_OPTIONAL"},"labels":{"deployment-tool":"cli-firebase"},"environmentVariables":{"FIREBASE_CONFIG":"{\"projectId\":\"chitstorm-d6bd1\",\"storageBucket\":\"chitstorm-d6bd1.appspot.com\",\"locationId\":\"asia-south1\"}"}}
[debug] [2021-09-10T11:41:46.962Z] <<< HTTP RESPONSE 200 {"content-type":"application/json; charset=UTF-8","vary":"X-Origin, Referer, Origin,Accept-Encoding","date":"Fri, 10 Sep 2021 11:41:46 GMT","server":"ESF","cache-control":"private","x-xss-protection":"0","x-frame-options":"SAMEORIGIN","x-content-type-options":"nosniff","alt-svc":"h3=\":443\"; ma=2592000,h3-29=\":443\"; ma=2592000,h3-T051=\":443\"; ma=2592000,h3-Q050=\":443\"; ma=2592000,h3-Q046=\":443\"; ma=2592000,h3-Q043=\":443\"; ma=2592000,quic=\":443\"; ma=2592000; v=\"46,43\"","accept-ranges":"none","transfer-encoding":"chunked"}
[debug] [2021-09-10T11:41:46.966Z] > refreshing access token with scopes: []
[debug] [2021-09-10T11:41:46.967Z] >>> HTTP REQUEST POST https://www.googleapis.com/oauth2/v3/token  
 <request body omitted>
[debug] [2021-09-10T11:41:47.174Z] <<< HTTP RESPONSE 200 {"expires":"Mon, 01 Jan 1990 00:00:00 GMT","pragma":"no-cache","date":"Fri, 10 Sep 2021 11:41:47 GMT","cache-control":"no-cache, no-store, max-age=0, must-revalidate","content-type":"application/json; charset=utf-8","vary":"X-Origin, Referer, Origin,Accept-Encoding","server":"scaffolding on HTTPServer2","x-xss-protection":"0","x-frame-options":"SAMEORIGIN","x-content-type-options":"nosniff","alt-svc":"h3=\":443\"; ma=2592000,h3-29=\":443\"; ma=2592000,h3-T051=\":443\"; ma=2592000,h3-Q050=\":443\"; ma=2592000,h3-Q046=\":443\"; ma=2592000,h3-Q043=\":443\"; ma=2592000,quic=\":443\"; ma=2592000; v=\"46,43\"","accept-ranges":"none","transfer-encoding":"chunked"}
[debug] [2021-09-10T11:41:47.257Z] >>> [apiv2][query] GET https://cloudfunctions.googleapis.com/v1/operations/Y2hpdHN0b3JtLWQ2YmQxL3VzLWNlbnRyYWwxL3BheW1lbnRXZWJob29rLzNIZjkyY0F0QUNF [none]
[debug] [2021-09-10T11:41:47.811Z] <<< [apiv2][status] GET https://cloudfunctions.googleapis.com/v1/operations/Y2hpdHN0b3JtLWQ2YmQxL3VzLWNlbnRyYWwxL3BheW1lbnRXZWJob29rLzNIZjkyY0F0QUNF 200
[debug] [2021-09-10T11:41:47.812Z] <<< [apiv2][body] GET https://cloudfunctions.googleapis.com/v1/operations/Y2hpdHN0b3JtLWQ2YmQxL3VzLWNlbnRyYWwxL3BheW1lbnRXZWJob29rLzNIZjkyY0F0QUNF {"name":"operations/Y2hpdHN0b3JtLWQ2YmQxL3VzLWNlbnRyYWwxL3BheW1lbnRXZWJob29rLzNIZjkyY0F0QUNF","metadata":{"@type":"type.googleapis.com/google.cloud.functions.v1.OperationMetadataV1","target":"projects/chitstorm-d6bd1/locations/us-central1/functions/paymentWebhook","type":"UPDATE_FUNCTION","request":{"@type":"type.googleapis.com/google.cloud.functions.v1.CloudFunction","name":"projects/chitstorm-d6bd1/locations/us-central1/functions/paymentWebhook","httpsTrigger":{"url":"https://us-central1-chitstorm-d6bd1.cloudfunctions.net/paymentWebhook","securityLevel":"SECURE_OPTIONAL"},"status":"ACTIVE","entryPoint":"paymentWebhook","timeout":"60s","availableMemoryMb":256,"serviceAccountEmail":"chitstorm-d6bd1@appspot.gserviceaccount.com","updateTime":"2021-09-10T10:48:40.908Z","versionId":"13","labels":{"deployment-tool":"cli-firebase"},"sourceUploadUrl":"https://storage.googleapis.com/gcf-upload-us-central1-3388f79a-75cf-4211-bfe6-d28b9b1eae72/9f0eb9c9-2eb4-4d80-b294-86ee3e284f50.zip?GoogleAccessId=service-886497070978@gcf-admin-robot.iam.gserviceaccount.com&Expires=1631275904&Signature=H9B79fIgBDmerqcYoD1pglKDm1Gw518cUEYOw0K4l8OQ2CoB%2FQgdxgYNgEihezngGcHc4QMJfh4hR%2FCRw5ryxymIVNlIuqt%2F4KG%2BJ6BojQBOH6rfmGIXM3ssfJGlZj7%2B%2F4%2B0NKrgfmECDJHYZBxwxPRx12D7gzW8KbdsFU4%2BKRqTzCsrn78AJ5nj6MEx6J09Ao3LqJYp4U64RMKIIqns54cmZtkcaxb0ycqjQq5yfxl5J6vS75x34A%2F%2Bmk8h0VnLbkkVAxiaxYjF7x3FEOUm5QkOcfm9buyp3f9pQ8BFUAoi4hhdqi3R44HT6f5vFyV15RNuHLQ%2FVpoihlgVREo9kQ%3D%3D","environmentVariables":{"FIREBASE_CONFIG":"{\"projectId\":\"chitstorm-d6bd1\",\"storageBucket\":\"chitstorm-d6bd1.appspot.com\",\"locationId\":\"asia-south1\"}"},"runtime":"nodejs12","ingressSettings":"ALLOW_ALL","buildId":"50b3171f-f8fd-46c4-9ef6-768edf3c1ab9","buildName":"projects/886497070978/locations/us-central1/builds/50b3171f-f8fd-46c4-9ef6-768edf3c1ab9"},"versionId":"14","updateTime":"2021-09-10T11:41:47Z","buildName":"projects/886497070978/locations/us-central1/builds/50b3171f-f8fd-46c4-9ef6-768edf3c1ab9"}}
[debug] [2021-09-10T11:41:48.317Z] [update-projects/chitstorm-d6bd1/locations/us-central1/functions/paymentWebhook] Retrying task index 0
[debug] [2021-09-10T11:41:48.319Z] >>> [apiv2][query] GET https://cloudfunctions.googleapis.com/v1/operations/Y2hpdHN0b3JtLWQ2YmQxL3VzLWNlbnRyYWwxL3BheW1lbnRXZWJob29rLzNIZjkyY0F0QUNF [none]
[debug] [2021-09-10T11:41:48.823Z] <<< [apiv2][status] GET https://cloudfunctions.googleapis.com/v1/operations/Y2hpdHN0b3JtLWQ2YmQxL3VzLWNlbnRyYWwxL3BheW1lbnRXZWJob29rLzNIZjkyY0F0QUNF 200
[debug] [2021-09-10T11:41:48.823Z] <<< [apiv2][body] GET https://cloudfunctions.googleapis.com/v1/operations/Y2hpdHN0b3JtLWQ2YmQxL3VzLWNlbnRyYWwxL3BheW1lbnRXZWJob29rLzNIZjkyY0F0QUNF {"name":"operations/Y2hpdHN0b3JtLWQ2YmQxL3VzLWNlbnRyYWwxL3BheW1lbnRXZWJob29rLzNIZjkyY0F0QUNF","metadata":{"@type":"type.googleapis.com/google.cloud.functions.v1.OperationMetadataV1","target":"projects/chitstorm-d6bd1/locations/us-central1/functions/paymentWebhook","type":"UPDATE_FUNCTION","request":{"@type":"type.googleapis.com/google.cloud.functions.v1.CloudFunction","name":"projects/chitstorm-d6bd1/locations/us-central1/functions/paymentWebhook","httpsTrigger":{"url":"https://us-central1-chitstorm-d6bd1.cloudfunctions.net/paymentWebhook","securityLevel":"SECURE_OPTIONAL"},"status":"ACTIVE","entryPoint":"paymentWebhook","timeout":"60s","availableMemoryMb":256,"serviceAccountEmail":"chitstorm-d6bd1@appspot.gserviceaccount.com","updateTime":"2021-09-10T10:48:40.908Z","versionId":"13","labels":{"deployment-tool":"cli-firebase"},"sourceUploadUrl":"https://storage.googleapis.com/gcf-upload-us-central1-3388f79a-75cf-4211-bfe6-d28b9b1eae72/9f0eb9c9-2eb4-4d80-b294-86ee3e284f50.zip?GoogleAccessId=service-886497070978@gcf-admin-robot.iam.gserviceaccount.com&Expires=1631275904&Signature=H9B79fIgBDmerqcYoD1pglKDm1Gw518cUEYOw0K4l8OQ2CoB%2FQgdxgYNgEihezngGcHc4QMJfh4hR%2FCRw5ryxymIVNlIuqt%2F4KG%2BJ6BojQBOH6rfmGIXM3ssfJGlZj7%2B%2F4%2B0NKrgfmECDJHYZBxwxPRx12D7gzW8KbdsFU4%2BKRqTzCsrn78AJ5nj6MEx6J09Ao3LqJYp4U64RMKIIqns54cmZtkcaxb0ycqjQq5yfxl5J6vS75x34A%2F%2Bmk8h0VnLbkkVAxiaxYjF7x3FEOUm5QkOcfm9buyp3f9pQ8BFUAoi4hhdqi3R44HT6f5vFyV15RNuHLQ%2FVpoihlgVREo9kQ%3D%3D","environmentVariables":{"FIREBASE_CONFIG":"{\"projectId\":\"chitstorm-d6bd1\",\"storageBucket\":\"chitstorm-d6bd1.appspot.com\",\"locationId\":\"asia-south1\"}"},"runtime":"nodejs12","ingressSettings":"ALLOW_ALL","buildId":"50b3171f-f8fd-46c4-9ef6-768edf3c1ab9","buildName":"projects/886497070978/locations/us-central1/builds/50b3171f-f8fd-46c4-9ef6-768edf3c1ab9"},"versionId":"14","updateTime":"2021-09-10T11:41:47Z","buildId":"128bb918-3556-42a5-9829-96dc83fd58b1","buildName":"projects/886497070978/locations/us-central1/builds/128bb918-3556-42a5-9829-96dc83fd58b1"}}
[debug] [2021-09-10T11:41:49.828Z] [update-projects/chitstorm-d6bd1/locations/us-central1/functions/paymentWebhook] Retrying task index 0
[debug] [2021-09-10T11:41:49.829Z] >>> [apiv2][query] GET https://cloudfunctions.googleapis.com/v1/operations/Y2hpdHN0b3JtLWQ2YmQxL3VzLWNlbnRyYWwxL3BheW1lbnRXZWJob29rLzNIZjkyY0F0QUNF [none]
[debug] [2021-09-10T11:41:50.335Z] <<< [apiv2][status] GET https://cloudfunctions.googleapis.com/v1/operations/Y2hpdHN0b3JtLWQ2YmQxL3VzLWNlbnRyYWwxL3BheW1lbnRXZWJob29rLzNIZjkyY0F0QUNF 200
[debug] [2021-09-10T11:41:50.335Z] <<< [apiv2][body] GET https://cloudfunctions.googleapis.com/v1/operations/Y2hpdHN0b3JtLWQ2YmQxL3VzLWNlbnRyYWwxL3BheW1lbnRXZWJob29rLzNIZjkyY0F0QUNF {"name":"operations/Y2hpdHN0b3JtLWQ2YmQxL3VzLWNlbnRyYWwxL3BheW1lbnRXZWJob29rLzNIZjkyY0F0QUNF","metadata":{"@type":"type.googleapis.com/google.cloud.functions.v1.OperationMetadataV1","target":"projects/chitstorm-d6bd1/locations/us-central1/functions/paymentWebhook","type":"UPDATE_FUNCTION","request":{"@type":"type.googleapis.com/google.cloud.functions.v1.CloudFunction","name":"projects/chitstorm-d6bd1/locations/us-central1/functions/paymentWebhook","httpsTrigger":{"url":"https://us-central1-chitstorm-d6bd1.cloudfunctions.net/paymentWebhook","securityLevel":"SECURE_OPTIONAL"},"status":"ACTIVE","entryPoint":"paymentWebhook","timeout":"60s","availableMemoryMb":256,"serviceAccountEmail":"chitstorm-d6bd1@appspot.gserviceaccount.com","updateTime":"2021-09-10T10:48:40.908Z","versionId":"13","labels":{"deployment-tool":"cli-firebase"},"sourceUploadUrl":"https://storage.googleapis.com/gcf-upload-us-central1-3388f79a-75cf-4211-bfe6-d28b9b1eae72/9f0eb9c9-2eb4-4d80-b294-86ee3e284f50.zip?GoogleAccessId=service-886497070978@gcf-admin-robot.iam.gserviceaccount.com&Expires=1631275904&Signature=H9B79fIgBDmerqcYoD1pglKDm1Gw518cUEYOw0K4l8OQ2CoB%2FQgdxgYNgEihezngGcHc4QMJfh4hR%2FCRw5ryxymIVNlIuqt%2F4KG%2BJ6BojQBOH6rfmGIXM3ssfJGlZj7%2B%2F4%2B0NKrgfmECDJHYZBxwxPRx12D7gzW8KbdsFU4%2BKRqTzCsrn78AJ5nj6MEx6J09Ao3LqJYp4U64RMKIIqns54cmZtkcaxb0ycqjQq5yfxl5J6vS75x34A%2F%2Bmk8h0VnLbkkVAxiaxYjF7x3FEOUm5QkOcfm9buyp3f9pQ8BFUAoi4hhdqi3R44HT6f5vFyV15RNuHLQ%2FVpoihlgVREo9kQ%3D%3D","environmentVariables":{"FIREBASE_CONFIG":"{\"projectId\":\"chitstorm-d6bd1\",\"storageBucket\":\"chitstorm-d6bd1.appspot.com\",\"locationId\":\"asia-south1\"}"},"runtime":"nodejs12","ingressSettings":"ALLOW_ALL","buildId":"50b3171f-f8fd-46c4-9ef6-768edf3c1ab9","buildName":"projects/886497070978/locations/us-central1/builds/50b3171f-f8fd-46c4-9ef6-768edf3c1ab9"},"versionId":"14","updateTime":"2021-09-10T11:41:47Z","buildId":"128bb918-3556-42a5-9829-96dc83fd58b1","buildName":"projects/886497070978/locations/us-central1/builds/128bb918-3556-42a5-9829-96dc83fd58b1"}}
[debug] [2021-09-10T11:41:52.346Z] [update-projects/chitstorm-d6bd1/locations/us-central1/functions/paymentWebhook] Retrying task index 0
[debug] [2021-09-10T11:41:52.346Z] >>> [apiv2][query] GET https://cloudfunctions.googleapis.com/v1/operations/Y2hpdHN0b3JtLWQ2YmQxL3VzLWNlbnRyYWwxL3BheW1lbnRXZWJob29rLzNIZjkyY0F0QUNF [none]
[debug] [2021-09-10T11:41:52.837Z] <<< [apiv2][status] GET https://cloudfunctions.googleapis.com/v1/operations/Y2hpdHN0b3JtLWQ2YmQxL3VzLWNlbnRyYWwxL3BheW1lbnRXZWJob29rLzNIZjkyY0F0QUNF 200
[debug] [2021-09-10T11:41:52.838Z] <<< [apiv2][body] GET https://cloudfunctions.googleapis.com/v1/operations/Y2hpdHN0b3JtLWQ2YmQxL3VzLWNlbnRyYWwxL3BheW1lbnRXZWJob29rLzNIZjkyY0F0QUNF {"name":"operations/Y2hpdHN0b3JtLWQ2YmQxL3VzLWNlbnRyYWwxL3BheW1lbnRXZWJob29rLzNIZjkyY0F0QUNF","metadata":{"@type":"type.googleapis.com/google.cloud.functions.v1.OperationMetadataV1","target":"projects/chitstorm-d6bd1/locations/us-central1/functions/paymentWebhook","type":"UPDATE_FUNCTION","request":{"@type":"type.googleapis.com/google.cloud.functions.v1.CloudFunction","name":"projects/chitstorm-d6bd1/locations/us-central1/functions/paymentWebhook","httpsTrigger":{"url":"https://us-central1-chitstorm-d6bd1.cloudfunctions.net/paymentWebhook","securityLevel":"SECURE_OPTIONAL"},"status":"ACTIVE","entryPoint":"paymentWebhook","timeout":"60s","availableMemoryMb":256,"serviceAccountEmail":"chitstorm-d6bd1@appspot.gserviceaccount.com","updateTime":"2021-09-10T10:48:40.908Z","versionId":"13","labels":{"deployment-tool":"cli-firebase"},"sourceUploadUrl":"https://storage.googleapis.com/gcf-upload-us-central1-3388f79a-75cf-4211-bfe6-d28b9b1eae72/9f0eb9c9-2eb4-4d80-b294-86ee3e284f50.zip?GoogleAccessId=service-886497070978@gcf-admin-robot.iam.gserviceaccount.com&Expires=1631275904&Signature=H9B79fIgBDmerqcYoD1pglKDm1Gw518cUEYOw0K4l8OQ2CoB%2FQgdxgYNgEihezngGcHc4QMJfh4hR%2FCRw5ryxymIVNlIuqt%2F4KG%2BJ6BojQBOH6rfmGIXM3ssfJGlZj7%2B%2F4%2B0NKrgfmECDJHYZBxwxPRx12D7gzW8KbdsFU4%2BKRqTzCsrn78AJ5nj6MEx6J09Ao3LqJYp4U64RMKIIqns54cmZtkcaxb0ycqjQq5yfxl5J6vS75x34A%2F%2Bmk8h0VnLbkkVAxiaxYjF7x3FEOUm5QkOcfm9buyp3f9pQ8BFUAoi4hhdqi3R44HT6f5vFyV15RNuHLQ%2FVpoihlgVREo9kQ%3D%3D","environmentVariables":{"FIREBASE_CONFIG":"{\"projectId\":\"chitstorm-d6bd1\",\"storageBucket\":\"chitstorm-d6bd1.appspot.com\",\"locationId\":\"asia-south1\"}"},"runtime":"nodejs12","ingressSettings":"ALLOW_ALL","buildId":"50b3171f-f8fd-46c4-9ef6-768edf3c1ab9","buildName":"projects/886497070978/locations/us-central1/builds/50b3171f-f8fd-46c4-9ef6-768edf3c1ab9"},"versionId":"14","updateTime":"2021-09-10T11:41:47Z","buildId":"128bb918-3556-42a5-9829-96dc83fd58b1","buildName":"projects/886497070978/locations/us-central1/builds/128bb918-3556-42a5-9829-96dc83fd58b1"}}
[debug] [2021-09-10T11:41:56.841Z] [update-projects/chitstorm-d6bd1/locations/us-central1/functions/paymentWebhook] Retrying task index 0
[debug] [2021-09-10T11:41:56.843Z] >>> [apiv2][query] GET https://cloudfunctions.googleapis.com/v1/operations/Y2hpdHN0b3JtLWQ2YmQxL3VzLWNlbnRyYWwxL3BheW1lbnRXZWJob29rLzNIZjkyY0F0QUNF [none]
[debug] [2021-09-10T11:41:57.350Z] <<< [apiv2][status] GET https://cloudfunctions.googleapis.com/v1/operations/Y2hpdHN0b3JtLWQ2YmQxL3VzLWNlbnRyYWwxL3BheW1lbnRXZWJob29rLzNIZjkyY0F0QUNF 200
[debug] [2021-09-10T11:41:57.351Z] <<< [apiv2][body] GET https://cloudfunctions.googleapis.com/v1/operations/Y2hpdHN0b3JtLWQ2YmQxL3VzLWNlbnRyYWwxL3BheW1lbnRXZWJob29rLzNIZjkyY0F0QUNF {"name":"operations/Y2hpdHN0b3JtLWQ2YmQxL3VzLWNlbnRyYWwxL3BheW1lbnRXZWJob29rLzNIZjkyY0F0QUNF","metadata":{"@type":"type.googleapis.com/google.cloud.functions.v1.OperationMetadataV1","target":"projects/chitstorm-d6bd1/locations/us-central1/functions/paymentWebhook","type":"UPDATE_FUNCTION","request":{"@type":"type.googleapis.com/google.cloud.functions.v1.CloudFunction","name":"projects/chitstorm-d6bd1/locations/us-central1/functions/paymentWebhook","httpsTrigger":{"url":"https://us-central1-chitstorm-d6bd1.cloudfunctions.net/paymentWebhook","securityLevel":"SECURE_OPTIONAL"},"status":"ACTIVE","entryPoint":"paymentWebhook","timeout":"60s","availableMemoryMb":256,"serviceAccountEmail":"chitstorm-d6bd1@appspot.gserviceaccount.com","updateTime":"2021-09-10T10:48:40.908Z","versionId":"13","labels":{"deployment-tool":"cli-firebase"},"sourceUploadUrl":"https://storage.googleapis.com/gcf-upload-us-central1-3388f79a-75cf-4211-bfe6-d28b9b1eae72/9f0eb9c9-2eb4-4d80-b294-86ee3e284f50.zip?GoogleAccessId=service-886497070978@gcf-admin-robot.iam.gserviceaccount.com&Expires=1631275904&Signature=H9B79fIgBDmerqcYoD1pglKDm1Gw518cUEYOw0K4l8OQ2CoB%2FQgdxgYNgEihezngGcHc4QMJfh4hR%2FCRw5ryxymIVNlIuqt%2F4KG%2BJ6BojQBOH6rfmGIXM3ssfJGlZj7%2B%2F4%2B0NKrgfmECDJHYZBxwxPRx12D7gzW8KbdsFU4%2BKRqTzCsrn78AJ5nj6MEx6J09Ao3LqJYp4U64RMKIIqns54cmZtkcaxb0ycqjQq5yfxl5J6vS75x34A%2F%2Bmk8h0VnLbkkVAxiaxYjF7x3FEOUm5QkOcfm9buyp3f9pQ8BFUAoi4hhdqi3R44HT6f5vFyV15RNuHLQ%2FVpoihlgVREo9kQ%3D%3D","environmentVariables":{"FIREBASE_CONFIG":"{\"projectId\":\"chitstorm-d6bd1\",\"storageBucket\":\"chitstorm-d6bd1.appspot.com\",\"locationId\":\"asia-south1\"}"},"runtime":"nodejs12","ingressSettings":"ALLOW_ALL","buildId":"50b3171f-f8fd-46c4-9ef6-768edf3c1ab9","buildName":"projects/886497070978/locations/us-central1/builds/50b3171f-f8fd-46c4-9ef6-768edf3c1ab9"},"versionId":"14","updateTime":"2021-09-10T11:41:47Z","buildId":"128bb918-3556-42a5-9829-96dc83fd58b1","buildName":"projects/886497070978/locations/us-central1/builds/128bb918-3556-42a5-9829-96dc83fd58b1"}}
[debug] [2021-09-10T11:42:05.360Z] [update-projects/chitstorm-d6bd1/locations/us-central1/functions/paymentWebhook] Retrying task index 0
[debug] [2021-09-10T11:42:05.371Z] >>> [apiv2][query] GET https://cloudfunctions.googleapis.com/v1/operations/Y2hpdHN0b3JtLWQ2YmQxL3VzLWNlbnRyYWwxL3BheW1lbnRXZWJob29rLzNIZjkyY0F0QUNF [none]
[debug] [2021-09-10T11:42:05.894Z] <<< [apiv2][status] GET https://cloudfunctions.googleapis.com/v1/operations/Y2hpdHN0b3JtLWQ2YmQxL3VzLWNlbnRyYWwxL3BheW1lbnRXZWJob29rLzNIZjkyY0F0QUNF 200
[debug] [2021-09-10T11:42:05.895Z] <<< [apiv2][body] GET https://cloudfunctions.googleapis.com/v1/operations/Y2hpdHN0b3JtLWQ2YmQxL3VzLWNlbnRyYWwxL3BheW1lbnRXZWJob29rLzNIZjkyY0F0QUNF {"name":"operations/Y2hpdHN0b3JtLWQ2YmQxL3VzLWNlbnRyYWwxL3BheW1lbnRXZWJob29rLzNIZjkyY0F0QUNF","metadata":{"@type":"type.googleapis.com/google.cloud.functions.v1.OperationMetadataV1","target":"projects/chitstorm-d6bd1/locations/us-central1/functions/paymentWebhook","type":"UPDATE_FUNCTION","request":{"@type":"type.googleapis.com/google.cloud.functions.v1.CloudFunction","name":"projects/chitstorm-d6bd1/locations/us-central1/functions/paymentWebhook","httpsTrigger":{"url":"https://us-central1-chitstorm-d6bd1.cloudfunctions.net/paymentWebhook","securityLevel":"SECURE_OPTIONAL"},"status":"ACTIVE","entryPoint":"paymentWebhook","timeout":"60s","availableMemoryMb":256,"serviceAccountEmail":"chitstorm-d6bd1@appspot.gserviceaccount.com","updateTime":"2021-09-10T10:48:40.908Z","versionId":"13","labels":{"deployment-tool":"cli-firebase"},"sourceUploadUrl":"https://storage.googleapis.com/gcf-upload-us-central1-3388f79a-75cf-4211-bfe6-d28b9b1eae72/9f0eb9c9-2eb4-4d80-b294-86ee3e284f50.zip?GoogleAccessId=service-886497070978@gcf-admin-robot.iam.gserviceaccount.com&Expires=1631275904&Signature=H9B79fIgBDmerqcYoD1pglKDm1Gw518cUEYOw0K4l8OQ2CoB%2FQgdxgYNgEihezngGcHc4QMJfh4hR%2FCRw5ryxymIVNlIuqt%2F4KG%2BJ6BojQBOH6rfmGIXM3ssfJGlZj7%2B%2F4%2B0NKrgfmECDJHYZBxwxPRx12D7gzW8KbdsFU4%2BKRqTzCsrn78AJ5nj6MEx6J09Ao3LqJYp4U64RMKIIqns54cmZtkcaxb0ycqjQq5yfxl5J6vS75x34A%2F%2Bmk8h0VnLbkkVAxiaxYjF7x3FEOUm5QkOcfm9buyp3f9pQ8BFUAoi4hhdqi3R44HT6f5vFyV15RNuHLQ%2FVpoihlgVREo9kQ%3D%3D","environmentVariables":{"FIREBASE_CONFIG":"{\"projectId\":\"chitstorm-d6bd1\",\"storageBucket\":\"chitstorm-d6bd1.appspot.com\",\"locationId\":\"asia-south1\"}"},"runtime":"nodejs12","ingressSettings":"ALLOW_ALL","buildId":"50b3171f-f8fd-46c4-9ef6-768edf3c1ab9","buildName":"projects/886497070978/locations/us-central1/builds/50b3171f-f8fd-46c4-9ef6-768edf3c1ab9"},"versionId":"14","updateTime":"2021-09-10T11:41:47Z","buildId":"128bb918-3556-42a5-9829-96dc83fd58b1","buildName":"projects/886497070978/locations/us-central1/builds/128bb918-3556-42a5-9829-96dc83fd58b1"}}
[debug] [2021-09-10T11:42:21.941Z] [update-projects/chitstorm-d6bd1/locations/us-central1/functions/paymentWebhook] Retrying task index 0
[debug] [2021-09-10T11:42:21.943Z] >>> [apiv2][query] GET https://cloudfunctions.googleapis.com/v1/operations/Y2hpdHN0b3JtLWQ2YmQxL3VzLWNlbnRyYWwxL3BheW1lbnRXZWJob29rLzNIZjkyY0F0QUNF [none]
[debug] [2021-09-10T11:42:22.424Z] <<< [apiv2][status] GET https://cloudfunctions.googleapis.com/v1/operations/Y2hpdHN0b3JtLWQ2YmQxL3VzLWNlbnRyYWwxL3BheW1lbnRXZWJob29rLzNIZjkyY0F0QUNF 200
[debug] [2021-09-10T11:42:22.424Z] <<< [apiv2][body] GET https://cloudfunctions.googleapis.com/v1/operations/Y2hpdHN0b3JtLWQ2YmQxL3VzLWNlbnRyYWwxL3BheW1lbnRXZWJob29rLzNIZjkyY0F0QUNF {"name":"operations/Y2hpdHN0b3JtLWQ2YmQxL3VzLWNlbnRyYWwxL3BheW1lbnRXZWJob29rLzNIZjkyY0F0QUNF","metadata":{"@type":"type.googleapis.com/google.cloud.functions.v1.OperationMetadataV1","target":"projects/chitstorm-d6bd1/locations/us-central1/functions/paymentWebhook","type":"UPDATE_FUNCTION","request":{"@type":"type.googleapis.com/google.cloud.functions.v1.CloudFunction","name":"projects/chitstorm-d6bd1/locations/us-central1/functions/paymentWebhook","httpsTrigger":{"url":"https://us-central1-chitstorm-d6bd1.cloudfunctions.net/paymentWebhook","securityLevel":"SECURE_OPTIONAL"},"status":"ACTIVE","entryPoint":"paymentWebhook","timeout":"60s","availableMemoryMb":256,"serviceAccountEmail":"chitstorm-d6bd1@appspot.gserviceaccount.com","updateTime":"2021-09-10T10:48:40.908Z","versionId":"13","labels":{"deployment-tool":"cli-firebase"},"sourceUploadUrl":"https://storage.googleapis.com/gcf-upload-us-central1-3388f79a-75cf-4211-bfe6-d28b9b1eae72/9f0eb9c9-2eb4-4d80-b294-86ee3e284f50.zip?GoogleAccessId=service-886497070978@gcf-admin-robot.iam.gserviceaccount.com&Expires=1631275904&Signature=H9B79fIgBDmerqcYoD1pglKDm1Gw518cUEYOw0K4l8OQ2CoB%2FQgdxgYNgEihezngGcHc4QMJfh4hR%2FCRw5ryxymIVNlIuqt%2F4KG%2BJ6BojQBOH6rfmGIXM3ssfJGlZj7%2B%2F4%2B0NKrgfmECDJHYZBxwxPRx12D7gzW8KbdsFU4%2BKRqTzCsrn78AJ5nj6MEx6J09Ao3LqJYp4U64RMKIIqns54cmZtkcaxb0ycqjQq5yfxl5J6vS75x34A%2F%2Bmk8h0VnLbkkVAxiaxYjF7x3FEOUm5QkOcfm9buyp3f9pQ8BFUAoi4hhdqi3R44HT6f5vFyV15RNuHLQ%2FVpoihlgVREo9kQ%3D%3D","environmentVariables":{"FIREBASE_CONFIG":"{\"projectId\":\"chitstorm-d6bd1\",\"storageBucket\":\"chitstorm-d6bd1.appspot.com\",\"locationId\":\"asia-south1\"}"},"runtime":"nodejs12","ingressSettings":"ALLOW_ALL","buildId":"50b3171f-f8fd-46c4-9ef6-768edf3c1ab9","buildName":"projects/886497070978/locations/us-central1/builds/50b3171f-f8fd-46c4-9ef6-768edf3c1ab9"},"versionId":"14","updateTime":"2021-09-10T11:41:47Z","buildId":"128bb918-3556-42a5-9829-96dc83fd58b1","buildName":"projects/886497070978/locations/us-central1/builds/128bb918-3556-42a5-9829-96dc83fd58b1"}}
[debug] [2021-09-10T11:42:54.519Z] [update-projects/chitstorm-d6bd1/locations/us-central1/functions/paymentWebhook] Retrying task index 0
[debug] [2021-09-10T11:42:54.520Z] >>> [apiv2][query] GET https://cloudfunctions.googleapis.com/v1/operations/Y2hpdHN0b3JtLWQ2YmQxL3VzLWNlbnRyYWwxL3BheW1lbnRXZWJob29rLzNIZjkyY0F0QUNF [none]
[debug] [2021-09-10T11:42:55.046Z] <<< [apiv2][status] GET https://cloudfunctions.googleapis.com/v1/operations/Y2hpdHN0b3JtLWQ2YmQxL3VzLWNlbnRyYWwxL3BheW1lbnRXZWJob29rLzNIZjkyY0F0QUNF 200
[debug] [2021-09-10T11:42:55.047Z] <<< [apiv2][body] GET https://cloudfunctions.googleapis.com/v1/operations/Y2hpdHN0b3JtLWQ2YmQxL3VzLWNlbnRyYWwxL3BheW1lbnRXZWJob29rLzNIZjkyY0F0QUNF {"name":"operations/Y2hpdHN0b3JtLWQ2YmQxL3VzLWNlbnRyYWwxL3BheW1lbnRXZWJob29rLzNIZjkyY0F0QUNF","metadata":{"@type":"type.googleapis.com/google.cloud.functions.v1.OperationMetadataV1","target":"projects/chitstorm-d6bd1/locations/us-central1/functions/paymentWebhook","type":"UPDATE_FUNCTION","request":{"@type":"type.googleapis.com/google.cloud.functions.v1.CloudFunction","name":"projects/chitstorm-d6bd1/locations/us-central1/functions/paymentWebhook","httpsTrigger":{"url":"https://us-central1-chitstorm-d6bd1.cloudfunctions.net/paymentWebhook","securityLevel":"SECURE_OPTIONAL"},"status":"ACTIVE","entryPoint":"paymentWebhook","timeout":"60s","availableMemoryMb":256,"serviceAccountEmail":"chitstorm-d6bd1@appspot.gserviceaccount.com","updateTime":"2021-09-10T10:48:40.908Z","versionId":"13","labels":{"deployment-tool":"cli-firebase"},"sourceUploadUrl":"https://storage.googleapis.com/gcf-upload-us-central1-3388f79a-75cf-4211-bfe6-d28b9b1eae72/9f0eb9c9-2eb4-4d80-b294-86ee3e284f50.zip?GoogleAccessId=service-886497070978@gcf-admin-robot.iam.gserviceaccount.com&Expires=1631275904&Signature=H9B79fIgBDmerqcYoD1pglKDm1Gw518cUEYOw0K4l8OQ2CoB%2FQgdxgYNgEihezngGcHc4QMJfh4hR%2FCRw5ryxymIVNlIuqt%2F4KG%2BJ6BojQBOH6rfmGIXM3ssfJGlZj7%2B%2F4%2B0NKrgfmECDJHYZBxwxPRx12D7gzW8KbdsFU4%2BKRqTzCsrn78AJ5nj6MEx6J09Ao3LqJYp4U64RMKIIqns54cmZtkcaxb0ycqjQq5yfxl5J6vS75x34A%2F%2Bmk8h0VnLbkkVAxiaxYjF7x3FEOUm5QkOcfm9buyp3f9pQ8BFUAoi4hhdqi3R44HT6f5vFyV15RNuHLQ%2FVpoihlgVREo9kQ%3D%3D","environmentVariables":{"FIREBASE_CONFIG":"{\"projectId\":\"chitstorm-d6bd1\",\"storageBucket\":\"chitstorm-d6bd1.appspot.com\",\"locationId\":\"asia-south1\"}"},"runtime":"nodejs12","ingressSettings":"ALLOW_ALL","buildId":"50b3171f-f8fd-46c4-9ef6-768edf3c1ab9","buildName":"projects/886497070978/locations/us-central1/builds/50b3171f-f8fd-46c4-9ef6-768edf3c1ab9"},"versionId":"14","updateTime":"2021-09-10T11:41:47Z","buildId":"128bb918-3556-42a5-9829-96dc83fd58b1","sourceToken":"b300bda1-5081-441a-b78f-cc7028a5c06a","buildName":"projects/886497070978/locations/us-central1/builds/128bb918-3556-42a5-9829-96dc83fd58b1"}}
[debug] [2021-09-10T11:42:55.048Z] Got sourceToken b300bda1-5081-441a-b78f-cc7028a5c06a for region us-central1
